{"message":"IP: ::1, Session: e5VgPmrF8Z5Gu1EjTA9gsBe37-aTP9JF, Username: Admin, Usertype: admin, Timestamp: 2021-05-24T00:24:12.015Z, Action: Login","level":"info"}
{"message":"IP: ::1, Session: e5VgPmrF8Z5Gu1EjTA9gsBe37-aTP9JF, Username: Admin, Usertype: admin, Timestamp: 2021-05-24T00:24:16.818Z, Action: Order","level":"info"}
{"message":"IP: ::1, Session: e5VgPmrF8Z5Gu1EjTA9gsBe37-aTP9JF, Username: Admin, Usertype: admin, Timestamp: 2021-05-24T00:24:21.852Z, Action: Logout","level":"info"}
{"message":"IP: ::1, Session: U7zGvXeraYHQAbXfbNc_ZlERsELTur9K, Username: Admin, Usertype: admin, Timestamp: 2021-05-24T02:31:40.682Z, Action: Login","level":"info"}
{"message":"IP: ::1, Session: U7zGvXeraYHQAbXfbNc_ZlERsELTur9K, Username: Admin, Usertype: admin, Timestamp: 2021-05-24T02:31:54.898Z, Action: Add Product","level":"info"}
{"message":"IP: ::1, Session: U7zGvXeraYHQAbXfbNc_ZlERsELTur9K, Username: Admin, Usertype: admin, Timestamp: 2021-05-24T02:32:17.643Z, Action: Logout","level":"info"}
{"message":"IP: ::1, Session: WQJpVi-K1GUESSiG2YFqSmvkxmAOgsba, Username: Admin, Usertype: admin, Timestamp: 2021-05-24T02:59:47.969Z, Action: Login","level":"info"}
{"message":"IP: ::1, Session: WQJpVi-K1GUESSiG2YFqSmvkxmAOgsba, Username: Admin, Usertype: admin, Timestamp: 2021-05-24T03:46:44.249Z, Action: Image Upload","level":"info"}
{"message":"IP: ::1, Session: WQJpVi-K1GUESSiG2YFqSmvkxmAOgsba, Username: Admin, Usertype: admin, Timestamp: 2021-05-24T03:47:57.438Z, Action: Logout","level":"info"}
{"message":"IP: ::1, Session: XJMTae6gMglYmEwGd8f0wP1BWi3R7qr7, Username: James, Usertype: customer, Timestamp: 2021-05-24T03:50:03.046Z, Action: Login","level":"info"}
{"message":"IP: ::1, Session: XJMTae6gMglYmEwGd8f0wP1BWi3R7qr7, Username: James, Usertype: customer, Timestamp: 2021-05-24T03:50:09.731Z, Action: Logout","level":"info"}
{"message":"IP: ::1, Session: TKCJYhAq8LUaVHa7Ujbtl7PRRFCaBrp-, Username: James, Usertype: customer, Timestamp: 2021-05-24T03:50:14.460Z, Action: Login","level":"info"}
{"message":"IP: ::1, Session: TKCJYhAq8LUaVHa7Ujbtl7PRRFCaBrp-, Username: James, Usertype: customer, Timestamp: 2021-05-24T03:50:20.334Z, Action: Logout","level":"info"}
{"message":"IP: ::1, Session: jg-uQ4XX26oPyBD9rYvKcQXfFG3bRtRZ, Username: Admin, Usertype: admin, Timestamp: 2021-05-24T03:50:25.454Z, Action: Login","level":"info"}
{"message":"IP: ::1, Session: jg-uQ4XX26oPyBD9rYvKcQXfFG3bRtRZ, Username: Admin, Usertype: admin, Timestamp: 2021-05-24T03:50:36.147Z, Action: Logout","level":"info"}
{"message":"IP: ::1, Session: Jc5pjZoqaM0X_vJCBBaTzzqZLZHXHgqr, Username: Admin, Usertype: admin, Timestamp: 2021-05-24T03:52:26.186Z, Action: Login","level":"info"}
{"message":"IP: ::1, Session: 7mjAeE9ZTOSKBKro4ggbYXnurPGhlYeE, Username: Admin, Usertype: admin, Timestamp: 2021-05-24T03:53:16.741Z, Action: Login","level":"info"}
{"message":"IP: ::ffff:127.0.0.1, Session: g5uH6D5m96U_snroqnEkH9xhCT0-2fXx, Username: Admin, Usertype: admin, Timestamp: 2021-05-24T04:21:03.842Z, Action: Login","level":"info"}
{"message":"IP: ::ffff:127.0.0.1, Session: g5uH6D5m96U_snroqnEkH9xhCT0-2fXx, Username: [object Object], Usertype: [object Object], Timestamp: 2021-05-24T04:21:03.947Z, Action: Register","level":"info"}
{"message":"IP: ::ffff:127.0.0.1, Session: hoTFYs-XWzMghCpT-0hJGNguuYyTeXSR, Username: Admin, Usertype: admin, Timestamp: 2021-05-24T04:21:04.045Z, Action: Login","level":"info"}
{"message":"IP: ::ffff:127.0.0.1, Session: g5uH6D5m96U_snroqnEkH9xhCT0-2fXx, Username: Admin, Usertype: admin, Timestamp: 2021-05-24T04:21:04.069Z, Action: Address Update","level":"info"}
{"message":"IP: ::ffff:127.0.0.1, Session: g5uH6D5m96U_snroqnEkH9xhCT0-2fXx, Username: Admin, Usertype: admin, Timestamp: 2021-05-24T04:21:09.118Z, Action: Delete Account","level":"info"}
{"message":"IP: ::ffff:127.0.0.1, Session: hLNVmJOjDlRF0YHJdZASE7Ml33mCSLnr, Username: Admin, Usertype: admin, Timestamp: 2021-05-24T04:22:37.794Z, Action: Login","level":"info"}
{"message":"IP: ::ffff:127.0.0.1, Session: hLNVmJOjDlRF0YHJdZASE7Ml33mCSLnr, Username: [object Object], Usertype: [object Object], Timestamp: 2021-05-24T04:22:37.893Z, Action: Register","level":"info"}
{"message":"IP: ::ffff:127.0.0.1, Session: HbMVt1TO2jDh3fVcBdKmUpkQs1IpNtnn, Username: Admin, Usertype: admin, Timestamp: 2021-05-24T04:22:37.988Z, Action: Login","level":"info"}
{"message":"IP: ::ffff:127.0.0.1, Session: hLNVmJOjDlRF0YHJdZASE7Ml33mCSLnr, Username: Admin, Usertype: admin, Timestamp: 2021-05-24T04:22:38.010Z, Action: Address Update","level":"info"}
{"message":"IP: ::ffff:127.0.0.1, Session: hLNVmJOjDlRF0YHJdZASE7Ml33mCSLnr, Username: Admin, Usertype: admin, Timestamp: 2021-05-24T04:22:38.030Z, Action: Delete Account","level":"info"}
{"message":"IP: ::ffff:127.0.0.1, Session: Owudzx6IHjoYxSZ_nvVdjPuE06bISG1Y, Username: Admin, Usertype: admin, Timestamp: 2021-05-24T04:23:27.157Z, Action: Login","level":"info"}
{"message":"IP: ::ffff:127.0.0.1, Session: Owudzx6IHjoYxSZ_nvVdjPuE06bISG1Y, Username: [object Object], Usertype: [object Object], Timestamp: 2021-05-24T04:23:27.256Z, Action: Register","level":"info"}
{"message":"IP: ::ffff:127.0.0.1, Session: pg3j3Jp8n9TTEeJhEAvBNv95DcGkaupE, Username: Admin, Usertype: admin, Timestamp: 2021-05-24T04:23:27.351Z, Action: Login","level":"info"}
{"message":"IP: ::ffff:127.0.0.1, Session: Owudzx6IHjoYxSZ_nvVdjPuE06bISG1Y, Username: Admin, Usertype: admin, Timestamp: 2021-05-24T04:23:27.373Z, Action: Address Update","level":"info"}
{"message":"IP: ::ffff:127.0.0.1, Session: Owudzx6IHjoYxSZ_nvVdjPuE06bISG1Y, Username: Admin, Usertype: admin, Timestamp: 2021-05-24T04:23:27.392Z, Action: Delete Account","level":"info"}
{"message":"IP: ::ffff:127.0.0.1, Session: c-fOcPst0ToVgOxyvlqrHUWADy7uyd5m, Username: Admin, Usertype: admin, Timestamp: 2021-05-24T04:24:12.604Z, Action: Login","level":"info"}
{"message":"IP: ::ffff:127.0.0.1, Session: c-fOcPst0ToVgOxyvlqrHUWADy7uyd5m, Username: [object Object], Usertype: [object Object], Timestamp: 2021-05-24T04:24:12.705Z, Action: Register","level":"info"}
{"message":"IP: ::ffff:127.0.0.1, Session: N7v-sLCf6l_5O3nk_k5eX6wHHRiAITD9, Username: Admin, Usertype: admin, Timestamp: 2021-05-24T04:24:12.801Z, Action: Login","level":"info"}
{"message":"IP: ::ffff:127.0.0.1, Session: c-fOcPst0ToVgOxyvlqrHUWADy7uyd5m, Username: Admin, Usertype: admin, Timestamp: 2021-05-24T04:24:12.823Z, Action: Address Update","level":"info"}
{"message":"IP: ::ffff:127.0.0.1, Session: c-fOcPst0ToVgOxyvlqrHUWADy7uyd5m, Username: Admin, Usertype: admin, Timestamp: 2021-05-24T04:24:12.843Z, Action: Delete Account","level":"info"}
{"message":"IP: ::ffff:127.0.0.1, Session: XQiT3u_aC39nLcr14blWKZBiMQtw6h1q, Username: Admin, Usertype: admin, Timestamp: 2021-05-24T04:25:07.499Z, Action: Login","level":"info"}
{"message":"IP: ::ffff:127.0.0.1, Session: XQiT3u_aC39nLcr14blWKZBiMQtw6h1q, Username: [object Object], Usertype: [object Object], Timestamp: 2021-05-24T04:25:07.600Z, Action: Register","level":"info"}
{"message":"IP: ::ffff:127.0.0.1, Session: wpoePcLPdNRsQUtPQXe9j0YNjdDD_Dk7, Username: Admin, Usertype: admin, Timestamp: 2021-05-24T04:25:07.698Z, Action: Login","level":"info"}
{"message":"IP: ::ffff:127.0.0.1, Session: XQiT3u_aC39nLcr14blWKZBiMQtw6h1q, Username: Admin, Usertype: admin, Timestamp: 2021-05-24T04:25:07.721Z, Action: Address Update","level":"info"}
{"message":"IP: ::ffff:127.0.0.1, Session: XQiT3u_aC39nLcr14blWKZBiMQtw6h1q, Username: Admin, Usertype: admin, Timestamp: 2021-05-24T04:25:07.743Z, Action: Delete Account","level":"info"}
{"message":"IP: ::1, Session: 7FCWB9NnbixzKCs1X1YnvuXW8Er2Lj0l, Username: Admin, Usertype: admin, Timestamp: 2021-05-24T04:53:30.643Z, Action: Login","level":"info"}
{"message":"IP: ::1, Session: SXvJ-53GBhaWGuKhsKO9F1aJ-F6sHJOL, Username: Admin, Usertype: admin, Timestamp: 2021-05-24T05:00:24.475Z, Action: Login","level":"info"}
{"message":"IP: ::1, Session: OGvzSYQeoXmkXtrfuiYQ-MzZGf6Kds_y, Username: Admin, Usertype: admin, Timestamp: 2021-05-24T05:01:20.592Z, Action: Login","level":"info"}
{"message":"IP: ::1, Session: 1Rs4m197af4RumoAewFpWMFhhG5NQ0jD, Username: Admin, Usertype: admin, Timestamp: 2021-05-24T05:02:03.077Z, Action: Login","level":"info"}
{"message":"IP: ::1, Session: dfpAfa3_r-r1Yu9AFGMFfHJqLoM_hnMC, Username: Admin, Usertype: admin, Timestamp: 2021-05-24T05:03:07.225Z, Action: Login","level":"info"}
{"message":"IP: ::1, Session: DO6bd74P60RY7n7cAclK08iAHqajy1Ib, Username: Admin, Usertype: admin, Timestamp: 2021-05-24T05:05:19.025Z, Action: Login","level":"info"}
{"message":"IP: ::1, Session: vUWp5xFZJ5fXzdRmJR3PsBWZIKqiaAxi, Username: Admin, Usertype: admin, Timestamp: 2021-05-24T05:06:58.573Z, Action: Login","level":"info"}
{"message":"IP: ::1, Session: hJMzWCpoajxZeYWpt4em4leJgl57y6Bf, Username: Admin, Usertype: admin, Timestamp: 2021-05-24T05:07:28.719Z, Action: Login","level":"info"}
{"message":"IP: ::1, Session: ft3Y2lg7L8Na9DvjAG3Sdc5TwfRTcdgz, Username: Admin, Usertype: admin, Timestamp: 2021-05-24T05:08:41.079Z, Action: Login","level":"info"}
{"message":"IP: ::1, Session: LQi-JfD1mwfmmK7BhqhqZ5TBL5UzqMdW, Username: Admin, Usertype: admin, Timestamp: 2021-05-24T08:45:25.352Z, Action: Login","level":"info"}
{"message":"IP: ::1, Session: wHQAlvMavlxkz2m0U6EEpV2c6bKgWB9R, Username: Admin, Usertype: admin, Timestamp: 2021-05-24T08:53:05.350Z, Action: Login","level":"info"}
{"message":"IP: ::1, Session: YJlsB_fTJm1nxnGFGGjlZq9n77PorWKF, Username: Admin, Usertype: admin, Timestamp: 2021-05-24T08:56:28.155Z, Action: Login","level":"info"}
{"message":"IP: ::1, Session: Xry69yqVECUGCysRbNTGG44fCWAhwb-J, Username: Admin, Usertype: admin, Timestamp: 2021-05-24T08:56:58.222Z, Action: Login","level":"info"}
{"message":"IP: ::1, Session: Orvvyaq3uBcjBAALnQwa9DjO4FS5IJ7m, Username: Admin, Usertype: admin, Timestamp: 2021-05-24T08:57:45.782Z, Action: Login","level":"info"}
{"message":"IP: ::1, Session: w7TMl8WrKrdVLl_Ml5weDwMQQlAF8kDQ, Username: Admin, Usertype: admin, Timestamp: 2021-05-24T09:05:02.880Z, Action: Login","level":"info"}
{"message":"IP: ::1, Session: w7TMl8WrKrdVLl_Ml5weDwMQQlAF8kDQ, Username: Admin, Usertype: admin, Timestamp: 2021-05-24T09:05:29.956Z, Action: Logout","level":"info"}
{"message":"IP: ::1, Session: acgYKkf9AjVztQK-5rw04GF6ogyDNrkI, Username: James, Usertype: customer, Timestamp: 2021-05-24T09:05:35.983Z, Action: Login","level":"info"}
{"message":"IP: ::1, Session: aA8xUtT9eYtFlzq5cYt8VTysfrS74tc3, Username: Admin, Usertype: admin, Timestamp: 2021-05-24T09:06:04.840Z, Action: Login","level":"info"}
{"message":"IP: ::1, Session: 3MwRB8dpfRlAZf1t0q99ulwOQUttVRsK, Username: Admin, Usertype: admin, Timestamp: 2021-05-25T01:15:55.125Z, Action: Login","level":"info"}
{"message":"IP: ::1, Session: 9ncXdhZULMtAaLsxEb8_nbqbZL1FGOAc, Username: Admin, Usertype: admin, Timestamp: 2021-05-26T09:26:02.725Z, Action: Login","level":"info"}
{"message":"IP: ::1, Session: 9ncXdhZULMtAaLsxEb8_nbqbZL1FGOAc, Username: Admin, Usertype: admin, Timestamp: 2021-05-26T09:34:23.814Z, Action: Add Admin","level":"info"}
{"message":"IP: ::1, Session: 9ncXdhZULMtAaLsxEb8_nbqbZL1FGOAc, Username: Admin, Usertype: admin, Timestamp: 2021-05-26T09:34:46.965Z, Action: Add Product","level":"info"}
{"message":"IP: ::1, Session: 9ncXdhZULMtAaLsxEb8_nbqbZL1FGOAc, Username: Admin, Usertype: admin, Timestamp: 2021-05-26T09:35:06.778Z, Action: Logout","level":"info"}
{"message":"IP: ::1, Session: r3qTZDGjJ7dcvoJyYUWTrsfVy1NzZyNh, Username: Admin, Usertype: admin, Timestamp: 2021-05-26T09:35:12.715Z, Action: Login","level":"info"}
{"message":"IP: ::1, Session: r3qTZDGjJ7dcvoJyYUWTrsfVy1NzZyNh, Username: Admin, Usertype: admin, Timestamp: 2021-05-26T09:38:11.452Z, Action: User Name Update","level":"info"}
{"message":"IP: ::1, Session: r3qTZDGjJ7dcvoJyYUWTrsfVy1NzZyNh, Username: Admin, Usertype: admin, Timestamp: 2021-05-26T09:38:24.736Z, Action: Product Name Update","level":"info"}
{"message":"IP: ::1, Session: r3qTZDGjJ7dcvoJyYUWTrsfVy1NzZyNh, Username: Admin, Usertype: admin, Timestamp: 2021-05-26T09:48:56.381Z, Action: Logout","level":"info"}
{"message":"IP: ::1, Session: muQu-FQbPA0pZIGBRyw_QA_BDCBDoWs-, Username: James, Usertype: customer, Timestamp: 2021-05-26T09:49:09.183Z, Action: Login","level":"info"}
{"message":"IP: ::1, Session: oqfoi12_XVq-1kO9Tpe5vUSB2Ah8svGJ, Username: Admin, Usertype: admin, Timestamp: 2021-05-26T09:52:21.046Z, Action: Login","level":"info"}
{"message":"IP: ::1, Session: oqfoi12_XVq-1kO9Tpe5vUSB2Ah8svGJ, Username: Admin, Usertype: admin, Timestamp: 2021-05-26T09:52:30.963Z, Action: Logout","level":"info"}
{"message":"IP: ::1, Session: lwngDjHCD7peQAjFuaaq1ShXwFD5bawk, Username: James, Usertype: customer, Timestamp: 2021-05-26T09:52:40.387Z, Action: Login","level":"info"}
{"message":"IP: ::1, Session: lwngDjHCD7peQAjFuaaq1ShXwFD5bawk, Username: James, Usertype: customer, Timestamp: 2021-05-26T09:54:47.527Z, Action: Logout","level":"info"}
{"message":"IP: ::1, Session: q7R-vNl-K3U1BV8pe6l5e0lZzojULme1, Username: Admin, Usertype: admin, Timestamp: 2021-05-26T09:54:57.293Z, Action: Login","level":"info"}
{"message":"IP: ::1, Session: q7R-vNl-K3U1BV8pe6l5e0lZzojULme1, Username: Admin, Usertype: admin, Timestamp: 2021-05-26T09:55:09.291Z, Action: Image Upload","level":"info"}
{"message":"IP: ::1, Session: q7R-vNl-K3U1BV8pe6l5e0lZzojULme1, Username: Admin, Usertype: admin, Timestamp: 2021-05-26T09:55:21.593Z, Action: Logout","level":"info"}
{"message":"IP: ::1, Session: h72VNKjXM54dSlBvJkNWVUspk0bXC1M1, Username: Admin, Usertype: admin, Timestamp: 2021-05-26T09:55:53.642Z, Action: Login","level":"info"}
{"message":"IP: ::1, Session: h72VNKjXM54dSlBvJkNWVUspk0bXC1M1, Username: Admin, Usertype: admin, Timestamp: 2021-05-26T09:56:05.342Z, Action: Image Upload","level":"info"}
{"message":"IP: ::1, Session: 26y71L6cVcd2iftrZ2Fi23P-jPSypeCm, Username: James, Usertype: customer, Timestamp: 2021-05-27T06:43:16.506Z, Action: Login","level":"info"}
{"message":"IP: ::1, Session: 26y71L6cVcd2iftrZ2Fi23P-jPSypeCm, Username: James, Usertype: customer, Timestamp: 2021-05-27T06:43:23.121Z, Action: Logout","level":"info"}
{"message":"IP: ::1, Session: Q8GmZgTNmm5n3lDgArjGC0wMzvkGCtVH, Username: Admin, Usertype: admin, Timestamp: 2021-05-27T06:43:27.935Z, Action: Login","level":"info"}
{"message":"IP: ::1, Session: Q8GmZgTNmm5n3lDgArjGC0wMzvkGCtVH, Username: Admin, Usertype: admin, Timestamp: 2021-05-27T06:43:31.242Z, Action: Logout","level":"info"}
{"message":"IP: ::1, Session: D2ZcqyWd-wTJogENvTABzz5JKWQQ0AjJ, Username: Admin, Usertype: admin, Timestamp: 2021-05-27T06:43:45.597Z, Action: Login","level":"info"}
{"message":"IP: ::1, Session: D2ZcqyWd-wTJogENvTABzz5JKWQQ0AjJ, Username: Admin, Usertype: admin, Timestamp: 2021-05-27T06:43:47.927Z, Action: Logout","level":"info"}
{"message":"IP: ::1, Session: 1Moh2AOFIF4iALbhfK-SlGP9__FKMoWk, Username: James, Usertype: customer, Timestamp: 2021-05-27T06:43:55.808Z, Action: Login","level":"info"}
{"message":"IP: ::1, Session: GI-xsE04sdjUvnYp5LtpM2AOyYgxh4Ci, Username: Admin, Usertype: admin, Timestamp: 2021-05-27T07:05:08.981Z, Action: Login","level":"info"}
{"message":"IP: ::1, Session: DFCY6vPm5Rp1S_39EliYM2tZUB6Cu4Dv, Username: Admin, Usertype: admin, Timestamp: 2021-05-27T07:21:19.492Z, Action: Login","level":"info"}
{"message":"IP: ::1, Session: 1Kppfukt2AkMq-gXU-DGmuuhUl8XlYAB, Username: Admin, Usertype: admin, Timestamp: 2021-05-29T02:29:22.621Z, Action: Login","level":"info"}
{"message":"IP: ::1, Session: 1Kppfukt2AkMq-gXU-DGmuuhUl8XlYAB, Username: Admin, Usertype: admin, Timestamp: 2021-05-29T02:29:56.397Z, Action: Product Name Update","level":"info"}
{"message":"IP: ::1, Session: 1Kppfukt2AkMq-gXU-DGmuuhUl8XlYAB, Username: Admin, Usertype: admin, Timestamp: 2021-05-29T02:33:51.142Z, Action: Delete User","level":"info"}
{"message":"IP: ::1, Session: 1Kppfukt2AkMq-gXU-DGmuuhUl8XlYAB, Username: Admin, Usertype: admin, Timestamp: 2021-05-29T02:34:05.357Z, Action: Add Admin","level":"info"}
{"message":"IP: ::1, Session: 1Kppfukt2AkMq-gXU-DGmuuhUl8XlYAB, Username: Admin, Usertype: admin, Timestamp: 2021-05-29T02:39:03.999Z, Action: Add Product","level":"info"}
{"message":"IP: ::1, Session: 1Kppfukt2AkMq-gXU-DGmuuhUl8XlYAB, Username: Admin, Usertype: admin, Timestamp: 2021-05-29T02:39:38.115Z, Action: Add Product","level":"info"}
{"message":"IP: ::1, Session: 1Kppfukt2AkMq-gXU-DGmuuhUl8XlYAB, Username: Admin, Usertype: admin, Timestamp: 2021-05-29T05:04:04.519Z, Action: Add Product","level":"info"}
{"message":"IP: ::1, Session: 1Kppfukt2AkMq-gXU-DGmuuhUl8XlYAB, Username: Admin, Usertype: admin, Timestamp: 2021-05-29T05:05:17.965Z, Action: Add Product","level":"info"}
{"message":"IP: ::1, Session: 1Kppfukt2AkMq-gXU-DGmuuhUl8XlYAB, Username: Admin, Usertype: admin, Timestamp: 2021-05-29T05:05:44.319Z, Action: Add Product","level":"info"}
{"message":"IP: ::1, Session: 1Kppfukt2AkMq-gXU-DGmuuhUl8XlYAB, Username: Admin, Usertype: admin, Timestamp: 2021-05-29T05:06:11.718Z, Action: Add Product","level":"info"}
{"message":"IP: ::1, Session: 1Kppfukt2AkMq-gXU-DGmuuhUl8XlYAB, Username: Admin, Usertype: admin, Timestamp: 2021-05-29T05:06:26.962Z, Action: Add Product","level":"info"}
{"message":"IP: ::1, Session: 1Kppfukt2AkMq-gXU-DGmuuhUl8XlYAB, Username: Admin, Usertype: admin, Timestamp: 2021-05-29T05:08:05.153Z, Action: Add Product","level":"info"}
{"message":"IP: ::1, Session: 1Kppfukt2AkMq-gXU-DGmuuhUl8XlYAB, Username: Admin, Usertype: admin, Timestamp: 2021-05-29T05:23:41.359Z, Action: Add Admin","level":"info"}
{"message":"IP: ::1, Session: EX4uRy0NDNWZA7bMBhcFriwscpGCIuTw, Username: Admin, Usertype: admin, Timestamp: 2021-05-29T05:24:41.087Z, Action: Login","level":"info"}
{"message":"IP: ::1, Session: EX4uRy0NDNWZA7bMBhcFriwscpGCIuTw, Username: Admin, Usertype: admin, Timestamp: 2021-05-29T05:24:44.652Z, Action: Add Admin","level":"info"}
{"message":"IP: ::1, Session: oHOE7iIKg0n0lqe2y4MhG_-Ykc9kcGBb, Username: Admin, Usertype: admin, Timestamp: 2021-05-29T05:32:45.574Z, Action: Login","level":"info"}
{"message":"IP: ::1, Session: oHOE7iIKg0n0lqe2y4MhG_-Ykc9kcGBb, Username: Admin, Usertype: admin, Timestamp: 2021-05-29T05:32:57.253Z, Action: Add Admin","level":"info"}
{"message":"IP: ::1, Session: oHOE7iIKg0n0lqe2y4MhG_-Ykc9kcGBb, Username: Admin, Usertype: admin, Timestamp: 2021-05-29T08:57:26.000Z, Action: Add Admin","level":"info"}
{"message":"IP: ::1, Session: oHOE7iIKg0n0lqe2y4MhG_-Ykc9kcGBb, Username: Admin, Usertype: admin, Timestamp: 2021-05-29T08:58:44.113Z, Action: Add Admin","level":"info"}
{"message":"IP: ::1, Session: oHOE7iIKg0n0lqe2y4MhG_-Ykc9kcGBb, Username: Admin, Usertype: admin, Timestamp: 2021-05-29T08:58:50.520Z, Action: Add Admin","level":"info"}
{"message":"IP: ::1, Session: 7KaVHavfMKoopwkds4J6qh6SvCRtnpvt, Username: Admin, Usertype: admin, Timestamp: 2021-05-29T09:00:39.867Z, Action: Login","level":"info"}
{"message":"IP: ::1, Session: 7KaVHavfMKoopwkds4J6qh6SvCRtnpvt, Username: Admin, Usertype: admin, Timestamp: 2021-05-29T09:00:42.324Z, Action: Add Admin","level":"info"}
{"message":"IP: ::1, Session: Y5uS1foaRXl_lY9yxG7TU8_GbPbLKA-7, Username: Admin, Usertype: admin, Timestamp: 2021-05-29T09:01:42.696Z, Action: Login","level":"info"}
{"message":"IP: ::1, Session: Y5uS1foaRXl_lY9yxG7TU8_GbPbLKA-7, Username: Admin, Usertype: admin, Timestamp: 2021-05-29T09:02:59.701Z, Action: Add Admin","level":"info"}
{"message":"IP: ::1, Session: BiMJrcH4lDecb3Za1ZlAs5h0HcCBw5no, Username: Admin, Usertype: admin, Timestamp: 2021-05-29T09:04:07.700Z, Action: Login","level":"info"}
{"message":"IP: ::1, Session: BiMJrcH4lDecb3Za1ZlAs5h0HcCBw5no, Username: Admin, Usertype: admin, Timestamp: 2021-05-29T09:11:04.094Z, Action: Delete User","level":"info"}
{"message":"IP: ::1, Session: BiMJrcH4lDecb3Za1ZlAs5h0HcCBw5no, Username: Admin, Usertype: admin, Timestamp: 2021-05-29T09:12:23.896Z, Action: Delete User","level":"info"}
{"message":"IP: ::1, Session: BiMJrcH4lDecb3Za1ZlAs5h0HcCBw5no, Username: Admin, Usertype: admin, Timestamp: 2021-05-29T09:12:25.554Z, Action: Delete User","level":"info"}
{"message":"IP: ::1, Session: BiMJrcH4lDecb3Za1ZlAs5h0HcCBw5no, Username: Admin, Usertype: admin, Timestamp: 2021-05-29T09:12:27.235Z, Action: Delete User","level":"info"}
{"message":"IP: ::1, Session: BiMJrcH4lDecb3Za1ZlAs5h0HcCBw5no, Username: Admin, Usertype: admin, Timestamp: 2021-05-29T09:12:29.684Z, Action: Delete User","level":"info"}
{"message":"IP: ::1, Session: BiMJrcH4lDecb3Za1ZlAs5h0HcCBw5no, Username: Admin, Usertype: admin, Timestamp: 2021-05-29T09:12:31.334Z, Action: Delete User","level":"info"}
{"message":"IP: ::1, Session: BiMJrcH4lDecb3Za1ZlAs5h0HcCBw5no, Username: Admin, Usertype: admin, Timestamp: 2021-05-29T09:12:33.007Z, Action: Delete User","level":"info"}
{"message":"IP: ::1, Session: kAPycugi0tfW12P6f_jAewPGnaxGP-f_, Username: Admin, Usertype: admin, Timestamp: 2021-05-29T09:19:21.605Z, Action: Login","level":"info"}
{"message":"IP: ::1, Session: kAPycugi0tfW12P6f_jAewPGnaxGP-f_, Username: Admin, Usertype: admin, Timestamp: 2021-05-29T09:19:26.404Z, Action: Delete User","level":"info"}
{"message":"IP: ::1, Session: 8CxTvl4Vy1540VdXpMpZ1hAbTQB-_Biv, Username: Admin, Usertype: admin, Timestamp: 2021-05-29T09:20:19.851Z, Action: Login","level":"info"}
{"message":"IP: ::1, Session: 8CxTvl4Vy1540VdXpMpZ1hAbTQB-_Biv, Username: Admin, Usertype: admin, Timestamp: 2021-05-29T09:26:58.801Z, Action: Add Product","level":"info"}
{"message":"IP: ::1, Session: 8CxTvl4Vy1540VdXpMpZ1hAbTQB-_Biv, Username: Admin, Usertype: admin, Timestamp: 2021-05-29T09:27:10.495Z, Action: Delete Product","level":"info"}
{"message":"IP: ::1, Session: 8CxTvl4Vy1540VdXpMpZ1hAbTQB-_Biv, Username: Admin, Usertype: admin, Timestamp: 2021-05-29T09:27:34.110Z, Action: Product Name Update","level":"info"}
{"message":"IP: ::1, Session: 8CxTvl4Vy1540VdXpMpZ1hAbTQB-_Biv, Username: Admin, Usertype: admin, Timestamp: 2021-05-29T09:27:44.869Z, Action: Product Name Update","level":"info"}
{"message":"IP: ::1, Session: 8CxTvl4Vy1540VdXpMpZ1hAbTQB-_Biv, Username: Admin, Usertype: admin, Timestamp: 2021-05-29T09:27:45.016Z, Action: Product Name Update","level":"info"}
{"message":"IP: ::1, Session: 8CxTvl4Vy1540VdXpMpZ1hAbTQB-_Biv, Username: Admin, Usertype: admin, Timestamp: 2021-05-29T09:27:45.289Z, Action: Product Name Update","level":"info"}
{"message":"IP: ::1, Session: gYWv7q9ipWyLiLwNQVAE04lCIc9zwCda, Username: Admin, Usertype: admin, Timestamp: 2021-05-29T09:30:20.429Z, Action: Login","level":"info"}
{"message":"IP: ::1, Session: gYWv7q9ipWyLiLwNQVAE04lCIc9zwCda, Username: Admin, Usertype: admin, Timestamp: 2021-05-29T09:30:27.091Z, Action: Delete Product","level":"info"}
{"message":"IP: ::1, Session: gYWv7q9ipWyLiLwNQVAE04lCIc9zwCda, Username: Admin, Usertype: admin, Timestamp: 2021-05-29T09:34:06.295Z, Action: Delete Product","level":"info"}
{"message":"IP: ::1, Session: gYWv7q9ipWyLiLwNQVAE04lCIc9zwCda, Username: Admin, Usertype: admin, Timestamp: 2021-05-29T09:34:17.503Z, Action: Delete Product","level":"info"}
{"message":"IP: ::1, Session: gYWv7q9ipWyLiLwNQVAE04lCIc9zwCda, Username: Admin, Usertype: admin, Timestamp: 2021-05-29T09:34:23.892Z, Action: Delete Product","level":"info"}
{"message":"IP: ::1, Session: gYWv7q9ipWyLiLwNQVAE04lCIc9zwCda, Username: Admin, Usertype: admin, Timestamp: 2021-05-29T09:34:26.213Z, Action: Delete Product","level":"info"}
{"message":"IP: ::1, Session: gYWv7q9ipWyLiLwNQVAE04lCIc9zwCda, Username: Admin, Usertype: admin, Timestamp: 2021-05-29T09:35:40.116Z, Action: Product Name Update","level":"info"}
{"message":"IP: ::1, Session: gYWv7q9ipWyLiLwNQVAE04lCIc9zwCda, Username: Admin, Usertype: admin, Timestamp: 2021-05-29T09:35:47.905Z, Action: Delete Product","level":"info"}
{"message":"IP: ::1, Session: gYWv7q9ipWyLiLwNQVAE04lCIc9zwCda, Username: Admin, Usertype: admin, Timestamp: 2021-05-29T09:37:43.054Z, Action: Add Product","level":"info"}
{"message":"IP: ::1, Session: gYWv7q9ipWyLiLwNQVAE04lCIc9zwCda, Username: Admin, Usertype: admin, Timestamp: 2021-05-29T09:37:50.268Z, Action: Delete Product","level":"info"}
{"message":"IP: ::1, Session: I6cNyR2l5DJYfC9eyqZfQK_KSIKdPXOz, Username: Admin, Usertype: admin, Timestamp: 2021-05-29T09:48:16.410Z, Action: Login","level":"info"}
{"message":"IP: ::1, Session: TXBtMOmhCcQKlrN_EbRue7K71CFCeqhB, Username: Admin, Usertype: admin, Timestamp: 2021-05-29T09:49:35.244Z, Action: Login","level":"info"}
{"message":"IP: ::1, Session: y87XsvIf9ki1zO7BW2o464dvX79QrpIa, Username: Admin, Usertype: admin, Timestamp: 2021-05-29T09:50:36.354Z, Action: Login","level":"info"}
{"message":"IP: ::1, Session: Bh173L9xBAOFmMgPyDnzLpSbUDFX_8io, Username: Admin, Usertype: admin, Timestamp: 2021-05-29T09:51:25.966Z, Action: Login","level":"info"}
{"message":"IP: ::1, Session: bG7scTuh9XfgA4CQy73P61rByI1wUVkk, Username: Admin, Usertype: admin, Timestamp: 2021-05-29T09:52:14.676Z, Action: Login","level":"info"}
{"message":"IP: ::1, Session: bG7scTuh9XfgA4CQy73P61rByI1wUVkk, Username: Admin, Usertype: admin, Timestamp: 2021-05-29T09:52:22.635Z, Action: Add Product","level":"info"}
{"message":"IP: ::1, Session: OpGJY0-1WQCb804DqMrOcmljh2kfy5uv, Username: Admin, Usertype: admin, Timestamp: 2021-05-29T09:54:12.542Z, Action: Login","level":"info"}
{"message":"IP: ::1, Session: OpGJY0-1WQCb804DqMrOcmljh2kfy5uv, Username: Admin, Usertype: admin, Timestamp: 2021-05-29T09:54:19.570Z, Action: Add Product","level":"info"}
{"message":"IP: ::1, Session: 9AC8c9CPiyHeEnSuCHLoE4KYwWV_CTDZ, Username: Admin, Usertype: admin, Timestamp: 2021-05-29T09:56:46.134Z, Action: Login","level":"info"}
{"message":"IP: ::1, Session: 9AC8c9CPiyHeEnSuCHLoE4KYwWV_CTDZ, Username: Admin, Usertype: admin, Timestamp: 2021-05-29T09:56:54.492Z, Action: Add Product","level":"info"}
{"message":"IP: ::1, Session: xdnlWl_GgYEDaFFYsnPnnlQD44HZFDeg, Username: Admin, Usertype: admin, Timestamp: 2021-05-29T09:58:05.610Z, Action: Login","level":"info"}
{"message":"IP: ::1, Session: g_9pmvVM2XlFYnijg0kNndGxRPXZnwrF, Username: Admin, Usertype: admin, Timestamp: 2021-05-29T09:59:07.329Z, Action: Login","level":"info"}
{"message":"IP: ::1, Session: g_9pmvVM2XlFYnijg0kNndGxRPXZnwrF, Username: Admin, Usertype: admin, Timestamp: 2021-05-29T10:00:23.452Z, Action: Add Product","level":"info"}
{"message":"IP: ::1, Session: dBl_u0Rjr5Lu3khY3Iw3czajGU6lOJIT, Username: Admin, Usertype: admin, Timestamp: 2021-05-29T10:02:35.351Z, Action: Login","level":"info"}
{"message":"IP: ::1, Session: dBl_u0Rjr5Lu3khY3Iw3czajGU6lOJIT, Username: Admin, Usertype: admin, Timestamp: 2021-05-29T10:02:50.951Z, Action: Add Product","level":"info"}
{"message":"IP: ::1, Session: GDRxI63tSz1cEl38CwBduLowZQzM_r7x, Username: Admin, Usertype: admin, Timestamp: 2021-05-29T23:36:18.237Z, Action: Login","level":"info"}
{"message":"IP: ::1, Session: FaPXb-ePAf3NK8aGAiyNsFJ3ZXr83Nt5, Username: Admin, Usertype: admin, Timestamp: 2021-05-29T23:38:20.522Z, Action: Login","level":"info"}
{"message":"IP: ::1, Session: sxUgRd2B1icMjBACcicuHnbSJK2IDSiE, Username: Admin, Usertype: admin, Timestamp: 2021-05-29T23:41:49.583Z, Action: Login","level":"info"}
{"message":"IP: ::1, Session: dcLXPU3oQFH1u2DXHSM0Q5i5vEY3uDtb, Username: Admin, Usertype: admin, Timestamp: 2021-05-30T00:12:31.158Z, Action: Login","level":"info"}
{"message":"IP: ::1, Session: dcLXPU3oQFH1u2DXHSM0Q5i5vEY3uDtb, Username: Admin, Usertype: admin, Timestamp: 2021-05-30T00:12:37.309Z, Action: Order","level":"info"}
{"message":"IP: ::1, Session: dcLXPU3oQFH1u2DXHSM0Q5i5vEY3uDtb, Username: Admin, Usertype: admin, Timestamp: 2021-05-30T00:12:41.740Z, Action: Order Delete","level":"info"}
{"message":"IP: ::1, Session: YY8WSfzCbBb125m2f9Qwjz9lR6qdhHHJ, Username: Admin, Usertype: admin, Timestamp: 2021-05-30T00:28:41.706Z, Action: Login","level":"info"}
{"message":"IP: ::1, Session: YY8WSfzCbBb125m2f9Qwjz9lR6qdhHHJ, Username: Admin, Usertype: admin, Timestamp: 2021-05-30T00:28:44.799Z, Action: Logout","level":"info"}
{"message":"IP: ::1, Session: 0k5ar_1PEnxn9reYSr8BEcO2sBBMKb4j, Username: Admin, Usertype: admin, Timestamp: 2021-05-30T01:20:49.987Z, Action: Login","level":"info"}
{"message":"IP: ::1, Session: otnBP9YiKOBB--vUi-zGH8pjTQnvtDV8, Username: Admin, Usertype: admin, Timestamp: 2021-05-30T01:22:00.825Z, Action: Login","level":"info"}
{"message":"IP: ::1, Session: cetZzeuXM1tqSIFbYsdjVOViHXhA4q10, Username: Admin, Usertype: admin, Timestamp: 2021-05-30T01:31:25.598Z, Action: Login","level":"info"}
{"message":"IP: ::1, Session: mEp1uENJ1aYy3uRb25jwClz5NSj3hxAb, Username: Admin, Usertype: admin, Timestamp: 2021-05-30T01:31:25.604Z, Action: Login","level":"info"}
{"message":"IP: ::1, Session: mVa39-USokM3ewQMq5eLtZtjsf3Bk9ne, Username: Admin, Usertype: admin, Timestamp: 2021-05-30T01:31:51.520Z, Action: Login","level":"info"}
{"message":"IP: ::1, Session: KMhqRkxmScsGURWsDWBVZ8cj_CpF19y5, Username: Admin, Usertype: admin, Timestamp: 2021-05-30T01:41:48.491Z, Action: Login","level":"info"}
{"message":"IP: ::1, Session: gJAPUcCnmN5gnURjiaCpDBTIEV_yJjh7, Username: Admin, Usertype: admin, Timestamp: 2021-05-30T01:42:12.866Z, Action: Login","level":"info"}
{"message":"IP: ::1, Session: nLRuFi2pU3qO1_BG7GBkmSqE-5Qtqe25, Username: Admin, Usertype: admin, Timestamp: 2021-05-30T02:25:19.721Z, Action: Login","level":"info"}
{"message":"IP: ::1, Session: n9YxArVuuLirzoQVv6enXdlt6Igi6-Za, Username: Admin, Usertype: admin, Timestamp: 2021-05-30T02:38:30.238Z, Action: Login","level":"info"}
{"message":"IP: ::1, Session: qJJoQyO5gWdatu4lel3Kbn3PDCmLJfj9, Username: Admin, Usertype: admin, Timestamp: 2021-05-30T02:39:37.243Z, Action: Login","level":"info"}
{"message":"IP: ::1, Session: Swo5_7xYzOFZbOicUFxPeSNSEDFCtLQ-, Username: Admin, Usertype: admin, Timestamp: 2021-05-30T02:40:48.244Z, Action: Login","level":"info"}
{"message":"IP: ::1, Session: zcYKfC4uxWDeu_VWjT_1wQ3YrN_S5BQz, Username: Admin, Usertype: admin, Timestamp: 2021-05-30T02:41:19.134Z, Action: Login","level":"info"}
{"message":"IP: ::1, Session: zcYKfC4uxWDeu_VWjT_1wQ3YrN_S5BQz, Username: Admin, Usertype: admin, Timestamp: 2021-05-30T02:41:30.230Z, Action: Order","level":"info"}
{"message":"IP: ::1, Session: n2UOC4hOQ2OSteEHzY5DQ2nD462XRkqp, Username: Admin, Usertype: admin, Timestamp: 2021-05-30T02:43:09.707Z, Action: Login","level":"info"}
{"message":"IP: ::1, Session: 71APaIzCuScx2ix3JD8HcVAB0Gx6K8wp, Username: Admin, Usertype: admin, Timestamp: 2021-05-30T02:44:10.589Z, Action: Login","level":"info"}
{"message":"IP: ::1, Session: 9LBDg-g3GB8fyi3aj1si4E_qUUVDss-x, Username: Admin, Usertype: admin, Timestamp: 2021-05-30T02:44:43.086Z, Action: Login","level":"info"}
{"message":"IP: ::1, Session: ig729wo0mE42Gpz4nCr3BHoFZkSkFxUW, Username: Admin, Usertype: admin, Timestamp: 2021-05-30T02:53:08.693Z, Action: Login","level":"info"}
{"message":"IP: ::1, Session: rwsUIfE6-dYOV8UU3bXJp0ulCHOx3CCX, Username: Admin, Usertype: admin, Timestamp: 2021-05-30T02:53:58.289Z, Action: Login","level":"info"}
{"message":"IP: ::1, Session: HmxwmtMK5KNSWrEAHYhdaO4PJ_BzBCho, Username: Admin, Usertype: admin, Timestamp: 2021-05-30T02:54:13.817Z, Action: Login","level":"info"}
{"message":"IP: ::1, Session: DQjKeXQZeceLkpONzhfUOYXgWiex2GPh, Username: Admin, Usertype: admin, Timestamp: 2021-05-30T08:12:17.122Z, Action: Login","level":"info"}
{"message":"IP: ::1, Session: DQjKeXQZeceLkpONzhfUOYXgWiex2GPh, Username: Admin, Usertype: admin, Timestamp: 2021-05-30T08:14:24.577Z, Action: Logout","level":"info"}
{"message":"IP: ::1, Session: kQ1H4y9hGLTQfXJpDieFV6EmvU4uH7Hq, Username: Admin, Usertype: admin, Timestamp: 2021-05-30T08:14:26.509Z, Action: Login","level":"info"}
{"message":"IP: ::1, Session: l4QDkyEkvXLPPZO1MYjsCf9TLELPv4sN, Username: Admin, Usertype: admin, Timestamp: 2021-05-30T23:52:35.876Z, Action: Login","level":"info"}
{"message":"IP: ::1, Session: FUZ-anNsFwRHzjO-iVL2sO6ZmEilOJxb, Username: Admin, Usertype: admin, Timestamp: 2021-05-30T23:54:37.344Z, Action: Login","level":"info"}
{"message":"IP: ::1, Session: jMMY1XiVEa4qMmm8QBaeE-NvCTQH1koL, Username: Admin, Usertype: admin, Timestamp: 2021-05-31T08:52:00.257Z, Action: Login","level":"info"}
{"message":"IP: ::1, Session: QpsHQ6VhRvFPZDGqldHPPKhb3YwcCDtW, Username: Admin, Usertype: admin, Timestamp: 2021-05-31T08:53:39.326Z, Action: Login","level":"info"}
{"message":"IP: ::1, Session: IlaPJWN75YF264FPAyv5zqmJ1bqL_Glk, Username: Admin, Usertype: admin, Timestamp: 2021-05-31T08:54:35.971Z, Action: Login","level":"info"}
{"message":"IP: ::1, Session: ztZOfDKd91XcLDfbl7M8m0ws9LbL4oc4, Username: Admin, Usertype: admin, Timestamp: 2021-05-31T08:58:26.777Z, Action: Login","level":"info"}
{"message":"IP: ::1, Session: ztZOfDKd91XcLDfbl7M8m0ws9LbL4oc4, Username: Admin, Usertype: admin, Timestamp: 2021-05-31T08:59:29.359Z, Action: Order","level":"info"}
{"message":"IP: ::1, Session: ztZOfDKd91XcLDfbl7M8m0ws9LbL4oc4, Username: Admin, Usertype: admin, Timestamp: 2021-05-31T08:59:46.044Z, Action: Order","level":"info"}
{"message":"IP: ::1, Session: sy5roncVyQgP-LykI6j7_Wg-nHefbEk5, Username: Admin, Usertype: admin, Timestamp: 2021-05-31T09:04:28.934Z, Action: Login","level":"info"}
{"message":"IP: ::1, Session: huhkH4KMJnpxMAXGLov1v5JQfjbNf9G6, Username: Admin, Usertype: admin, Timestamp: 2021-05-31T09:04:37.298Z, Action: Login","level":"info"}
{"message":"IP: ::1, Session: nNIxeLVvveRjV9n29Kno-9k6kgj8CQP_, Username: Admin, Usertype: admin, Timestamp: 2021-05-31T23:02:56.666Z, Action: Login","level":"info"}
{"message":"IP: ::1, Session: 0TXdzdeafrJT5Qlvcm4QDxtGSVQP_Fsn, Username: Admin, Usertype: admin, Timestamp: 2021-05-31T23:03:14.824Z, Action: Login","level":"info"}
{"message":"IP: ::1, Session: vAzzl-14CShVendwwc3JE34J410NkbWr, Username: undefined, Usertype: undefined, Timestamp: 2021-05-31T23:03:45.365Z, Action: Register","level":"info"}
{"message":"IP: ::1, Session: WCSgY1ZW4FIrKb4X8eun8-XvCN8GwYN5, Username: Jamie, Usertype: customer, Timestamp: 2021-05-31T23:03:53.769Z, Action: Login","level":"info"}
{"message":"IP: ::1, Session: NIb9quSp7oj1dxsvky9dcd0_rQ5YLkcQ, Username: Admin, Usertype: admin, Timestamp: 2021-06-01T00:35:16.303Z, Action: Login","level":"info"}
{"message":"IP: ::1, Session: pH3K2n5JB9sL9m8VHZxCAsBBRXhQtVdD, Username: Admin, Usertype: admin, Timestamp: 2021-06-06T06:23:29.471Z, Action: Login","level":"info"}
{"message":"IP: ::1, Session: pH3K2n5JB9sL9m8VHZxCAsBBRXhQtVdD, Username: Admin, Usertype: admin, Timestamp: 2021-06-06T06:23:47.977Z, Action: Order","level":"info"}
{"message":"IP: ::1, Session: pH3K2n5JB9sL9m8VHZxCAsBBRXhQtVdD, Username: Admin, Usertype: admin, Timestamp: 2021-06-06T06:23:54.706Z, Action: Order Delete","level":"info"}
{"message":"IP: ::1, Session: pH3K2n5JB9sL9m8VHZxCAsBBRXhQtVdD, Username: Admin, Usertype: admin, Timestamp: 2021-06-06T06:24:27.927Z, Action: Order Delete","level":"info"}
{"message":"IP: ::1, Session: pH3K2n5JB9sL9m8VHZxCAsBBRXhQtVdD, Username: Admin, Usertype: admin, Timestamp: 2021-06-06T06:24:40.218Z, Action: Address Update","level":"info"}
{"message":"IP: ::1, Session: pH3K2n5JB9sL9m8VHZxCAsBBRXhQtVdD, Username: Admin, Usertype: admin, Timestamp: 2021-06-06T06:25:18.530Z, Action: Image Upload","level":"info"}
{"message":"IP: ::1, Session: pH3K2n5JB9sL9m8VHZxCAsBBRXhQtVdD, Username: Admin, Usertype: admin, Timestamp: 2021-06-06T06:31:45.354Z, Action: Logout","level":"info"}
{"message":"IP: ::1, Session: doLQ1qNYLJR9wi6wAJfpx_PvlQuM41SE, Username: Admin, Usertype: admin, Timestamp: 2021-06-06T06:31:48.197Z, Action: Login","level":"info"}
{"message":"IP: ::1, Session: doLQ1qNYLJR9wi6wAJfpx_PvlQuM41SE, Username: Admin, Usertype: admin, Timestamp: 2021-06-06T06:34:51.804Z, Action: Order","level":"info"}
{"message":"IP: ::1, Session: doLQ1qNYLJR9wi6wAJfpx_PvlQuM41SE, Username: Admin, Usertype: admin, Timestamp: 2021-06-06T06:35:34.048Z, Action: Address Update","level":"info"}
{"message":"IP: ::1, Session: doLQ1qNYLJR9wi6wAJfpx_PvlQuM41SE, Username: Admin, Usertype: admin, Timestamp: 2021-06-07T03:38:21.225Z, Action: Logout","level":"info"}
{"message":"IP: ::1, Session: mrQqZQSu-HH0UiLKhmfp9yAcjU73kMKU, Username: Admin, Usertype: admin, Timestamp: 2021-06-07T03:38:28.667Z, Action: Login","level":"info"}
{"message":"IP: ::1, Session: mrQqZQSu-HH0UiLKhmfp9yAcjU73kMKU, Username: Admin, Usertype: admin, Timestamp: 2021-06-07T03:38:35.188Z, Action: Order","level":"info"}
{"message":"IP: ::1, Session: mrQqZQSu-HH0UiLKhmfp9yAcjU73kMKU, Username: Admin, Usertype: admin, Timestamp: 2021-06-07T04:31:19.791Z, Action: Logout","level":"info"}
{"message":"IP: ::1, Session: hx0t_GyDervmhdU4hxzWXMUFrv5_OpAU, Username: Admin, Usertype: admin, Timestamp: 2021-06-07T04:31:50.053Z, Action: Login","level":"info"}
{"message":"IP: ::1, Session: hx0t_GyDervmhdU4hxzWXMUFrv5_OpAU, Username: Admin, Usertype: admin, Timestamp: 2021-06-07T04:45:31.557Z, Action: Logout","level":"info"}
{"message":"IP: ::1, Session: lPqAecHfMsqZmQPNmCbeiDomC48JT4z5, Username: Admin, Usertype: admin, Timestamp: 2021-06-07T04:45:39.195Z, Action: Login","level":"info"}
{"message":"IP: ::1, Session: lPqAecHfMsqZmQPNmCbeiDomC48JT4z5, Username: Admin, Usertype: admin, Timestamp: 2021-06-08T01:35:40.207Z, Action: Delete Product","level":"info"}
{"message":"IP: ::1, Session: lPqAecHfMsqZmQPNmCbeiDomC48JT4z5, Username: Admin, Usertype: admin, Timestamp: 2021-06-08T01:37:12.662Z, Action: Delete User","level":"info"}
{"message":"IP: ::1, Session: lPqAecHfMsqZmQPNmCbeiDomC48JT4z5, Username: Admin, Usertype: admin, Timestamp: 2021-06-08T01:39:35.018Z, Action: Add Product","level":"info"}
{"message":"IP: ::1, Session: lPqAecHfMsqZmQPNmCbeiDomC48JT4z5, Username: Admin, Usertype: admin, Timestamp: 2021-06-08T01:39:46.223Z, Action: Delete Product","level":"info"}
{"message":"IP: ::1, Session: lPqAecHfMsqZmQPNmCbeiDomC48JT4z5, Username: Admin, Usertype: admin, Timestamp: 2021-06-08T01:39:58.518Z, Action: Add Product","level":"info"}
{"message":"IP: ::1, Session: lPqAecHfMsqZmQPNmCbeiDomC48JT4z5, Username: Admin, Usertype: admin, Timestamp: 2021-06-08T01:40:53.543Z, Action: User Name Update","level":"info"}
{"message":"IP: ::1, Session: lPqAecHfMsqZmQPNmCbeiDomC48JT4z5, Username: Admin, Usertype: admin, Timestamp: 2021-06-08T01:41:46.280Z, Action: Order Delete","level":"info"}
{"message":"IP: ::1, Session: lPqAecHfMsqZmQPNmCbeiDomC48JT4z5, Username: Admin, Usertype: admin, Timestamp: 2021-06-08T01:43:04.401Z, Action: Logout","level":"info"}
{"message":"IP: ::1, Session: NK0hEGUshdAx9drj8cFnOvw75cbmgxhb, Username: Jamie, Usertype: customer, Timestamp: 2021-06-08T01:43:15.506Z, Action: Login","level":"info"}
{"message":"IP: ::1, Session: NK0hEGUshdAx9drj8cFnOvw75cbmgxhb, Username: Jamie, Usertype: customer, Timestamp: 2021-06-08T01:44:54.565Z, Action: Order","level":"info"}
{"message":"IP: ::1, Session: NK0hEGUshdAx9drj8cFnOvw75cbmgxhb, Username: Jamie, Usertype: customer, Timestamp: 2021-06-08T01:46:04.740Z, Action: Address Update","level":"info"}
{"message":"IP: ::1, Session: NK0hEGUshdAx9drj8cFnOvw75cbmgxhb, Username: Jamie, Usertype: customer, Timestamp: 2021-06-08T01:46:38.882Z, Action: Image Upload","level":"info"}
{"message":"IP: ::1, Session: sIC1aIoX9uMsWQJ-nvSJSKtV68CvT11M, Username: Admin, Usertype: admin, Timestamp: 2021-06-11T09:20:24.485Z, Action: Login","level":"info"}
{"message":"IP: ::1, Session: sIC1aIoX9uMsWQJ-nvSJSKtV68CvT11M, Username: Admin, Usertype: admin, Timestamp: 2021-06-11T09:20:41.450Z, Action: Logout","level":"info"}
{"message":"IP: ::1, Session: w17dsUOu1tJhIZU8Rt5zJgWLpNOifzKU, Username: James, Usertype: customer, Timestamp: 2021-06-11T09:20:49.195Z, Action: Login","level":"info"}
